# JRE version: Java(TM) SE Runtime Environment (8.0_66-b18) (build 1.8.0_66-b18)
# Java VM: Java HotSpot(TM) 64-Bit Server VM (25.66-b18 mixed mode windows-amd64 compressed oops)
Heap:
 PSYoungGen      total 101376K, used 43020K [0x00000000f5580000, 0x00000000fba00000, 0x0000000100000000)
  eden space 99840K, 43% used [0x00000000f5580000,0x00000000f7f83148,0x00000000fb700000)
  from space 1536K, 0% used [0x00000000fb880000,0x00000000fb880000,0x00000000fba00000)
  to   space 1536K, 0% used [0x00000000fb700000,0x00000000fb700000,0x00000000fb880000)
 ParOldGen       total 113152K, used 50482K [0x00000000e0000000, 0x00000000e6e80000, 0x00000000f5580000)
  object space 113152K, 44% used [0x00000000e0000000,0x00000000e314ca90,0x00000000e6e80000)
 Metaspace       used 97508K, capacity 104674K, committed 104856K, reserved 1140736K
  class space    used 11467K, capacity 13626K, committed 13736K, reserved 1048576K
GC Heap History (10 events):
Event: 3890.436 GC heap before
{Heap before GC invocations=150 (full 66):
 PSYoungGen      total 100864K, used 128K [0x00000000f5580000, 0x00000000fba00000, 0x0000000100000000)
  eden space 99840K, 0% used [0x00000000f5580000,0x00000000f5580000,0x00000000fb700000)
  from space 1024K, 12% used [0x00000000fb900000,0x00000000fb920000,0x00000000fba00000)
  to   space 1536K, 0% used [0x00000000fb700000,0x00000000fb700000,0x00000000fb880000)
 ParOldGen       total 113152K, used 50455K [0x00000000e0000000, 0x00000000e6e80000, 0x00000000f5580000)
  object space 113152K, 44% used [0x00000000e0000000,0x00000000e3145fe8,0x00000000e6e80000)
 Metaspace       used 96685K, capacity 104038K, committed 104216K, reserved 1140736K
  class space    used 11375K, capacity 13526K, committed 13608K, reserved 1048576K
Event: 3890.574 GC heap after
Heap after GC invocations=150 (full 66):
 PSYoungGen      total 100864K, used 0K [0x00000000f5580000, 0x00000000fba00000, 0x0000000100000000)
  eden space 99840K, 0% used [0x00000000f5580000,0x00000000f5580000,0x00000000fb700000)
  from space 1024K, 0% used [0x00000000fb900000,0x00000000fb900000,0x00000000fba00000)
  to   space 1536K, 0% used [0x00000000fb700000,0x00000000fb700000,0x00000000fb880000)
 ParOldGen       total 113152K, used 50457K [0x00000000e0000000, 0x00000000e6e80000, 0x00000000f5580000)
  object space 113152K, 44% used [0x00000000e0000000,0x00000000e3146408,0x00000000e6e80000)
 Metaspace       used 96685K, capacity 104038K, committed 104216K, reserved 1140736K
  class space    used 11375K, capacity 13526K, committed 13608K, reserved 1048576K
}
Event: 3950.427 GC heap before
{Heap before GC invocations=151 (full 66):
 PSYoungGen      total 100864K, used 8173K [0x00000000f5580000, 0x00000000fba00000, 0x0000000100000000)
  eden space 99840K, 8% used [0x00000000f5580000,0x00000000f5d7b588,0x00000000fb700000)
  from space 1024K, 0% used [0x00000000fb900000,0x00000000fb900000,0x00000000fba00000)
  to   space 1536K, 0% used [0x00000000fb700000,0x00000000fb700000,0x00000000fb880000)
 ParOldGen       total 113152K, used 50457K [0x00000000e0000000, 0x00000000e6e80000, 0x00000000f5580000)
  object space 113152K, 44% used [0x00000000e0000000,0x00000000e3146408,0x00000000e6e80000)
 Metaspace       used 96693K, capacity 104038K, committed 104216K, reserved 1140736K
  class space    used 11375K, capacity 13526K, committed 13608K, reserved 1048576K
Event: 3950.430 GC heap after
Heap after GC invocations=151 (full 66):
 PSYoungGen      total 101376K, used 512K [0x00000000f5580000, 0x00000000fba00000, 0x0000000100000000)
  eden space 99840K, 0% used [0x00000000f5580000,0x00000000f5580000,0x00000000fb700000)
  from space 1536K, 33% used [0x00000000fb700000,0x00000000fb780000,0x00000000fb880000)
  to   space 1536K, 0% used [0x00000000fb880000,0x00000000fb880000,0x00000000fba00000)
 ParOldGen       total 113152K, used 50457K [0x00000000e0000000, 0x00000000e6e80000, 0x00000000f5580000)
  object space 113152K, 44% used [0x00000000e0000000,0x00000000e3146408,0x00000000e6e80000)
 Metaspace       used 96693K, capacity 104038K, committed 104216K, reserved 1140736K
  class space    used 11375K, capacity 13526K, committed 13608K, reserved 1048576K
}
Event: 3950.430 GC heap before
{Heap before GC invocations=152 (full 67):
 PSYoungGen      total 101376K, used 512K [0x00000000f5580000, 0x00000000fba00000, 0x0000000100000000)
  eden space 99840K, 0% used [0x00000000f5580000,0x00000000f5580000,0x00000000fb700000)
  from space 1536K, 33% used [0x00000000fb700000,0x00000000fb780000,0x00000000fb880000)
  to   space 1536K, 0% used [0x00000000fb880000,0x00000000fb880000,0x00000000fba00000)
 ParOldGen       total 113152K, used 50457K [0x00000000e0000000, 0x00000000e6e80000, 0x00000000f5580000)
  object space 113152K, 44% used [0x00000000e0000000,0x00000000e3146408,0x00000000e6e80000)
 Metaspace       used 96693K, capacity 104038K, committed 104216K, reserved 1140736K
  class space    used 11375K, capacity 13526K, committed 13608K, reserved 1048576K
Event: 3950.573 GC heap after
Heap after GC invocations=152 (full 67):
 PSYoungGen      total 101376K, used 0K [0x00000000f5580000, 0x00000000fba00000, 0x0000000100000000)
  eden space 99840K, 0% used [0x00000000f5580000,0x00000000f5580000,0x00000000fb700000)
  from space 1536K, 0% used [0x00000000fb700000,0x00000000fb700000,0x00000000fb880000)
  to   space 1536K, 0% used [0x00000000fb880000,0x00000000fb880000,0x00000000fba00000)
 ParOldGen       total 113152K, used 50613K [0x00000000e0000000, 0x00000000e6e80000, 0x00000000f5580000)
  object space 113152K, 44% used [0x00000000e0000000,0x00000000e316d768,0x00000000e6e80000)
 Metaspace       used 96693K, capacity 104038K, committed 104216K, reserved 1140736K
  class space    used 11375K, capacity 13526K, committed 13608K, reserved 1048576K
}
Event: 4010.440 GC heap before
{Heap before GC invocations=153 (full 67):
 PSYoungGen      total 101376K, used 4321K [0x00000000f5580000, 0x00000000fba00000, 0x0000000100000000)
  eden space 99840K, 4% used [0x00000000f5580000,0x00000000f59b8768,0x00000000fb700000)
  from space 1536K, 0% used [0x00000000fb700000,0x00000000fb700000,0x00000000fb880000)
  to   space 1536K, 0% used [0x00000000fb880000,0x00000000fb880000,0x00000000fba00000)
 ParOldGen       total 113152K, used 50613K [0x00000000e0000000, 0x00000000e6e80000, 0x00000000f5580000)
  object space 113152K, 44% used [0x00000000e0000000,0x00000000e316d768,0x00000000e6e80000)
 Metaspace       used 96701K, capacity 104108K, committed 104472K, reserved 1140736K
  class space    used 11375K, capacity 13527K, committed 13608K, reserved 1048576K
Event: 4010.442 GC heap after
Heap after GC invocations=153 (full 67):
 PSYoungGen      total 101376K, used 160K [0x00000000f5580000, 0x00000000fba00000, 0x0000000100000000)
  eden space 99840K, 0% used [0x00000000f5580000,0x00000000f5580000,0x00000000fb700000)
  from space 1536K, 10% used [0x00000000fb880000,0x00000000fb8a8000,0x00000000fba00000)
  to   space 1536K, 0% used [0x00000000fb700000,0x00000000fb700000,0x00000000fb880000)
 ParOldGen       total 113152K, used 50613K [0x00000000e0000000, 0x00000000e6e80000, 0x00000000f5580000)
  object space 113152K, 44% used [0x00000000e0000000,0x00000000e316d768,0x00000000e6e80000)
 Metaspace       used 96701K, capacity 104108K, committed 104472K, reserved 1140736K
  class space    used 11375K, capacity 13527K, committed 13608K, reserved 1048576K
}
Event: 4010.443 GC heap before
{Heap before GC invocations=154 (full 68):
 PSYoungGen      total 101376K, used 160K [0x00000000f5580000, 0x00000000fba00000, 0x0000000100000000)
  eden space 99840K, 0% used [0x00000000f5580000,0x00000000f5580000,0x00000000fb700000)
  from space 1536K, 10% used [0x00000000fb880000,0x00000000fb8a8000,0x00000000fba00000)
  to   space 1536K, 0% used [0x00000000fb700000,0x00000000fb700000,0x00000000fb880000)
 ParOldGen       total 113152K, used 50613K [0x00000000e0000000, 0x00000000e6e80000, 0x00000000f5580000)
  object space 113152K, 44% used [0x00000000e0000000,0x00000000e316d768,0x00000000e6e80000)
 Metaspace       used 96701K, capacity 104108K, committed 104472K, reserved 1140736K
  class space    used 11375K, capacity 13527K, committed 13608K, reserved 1048576K
Event: 4010.614 GC heap after
Heap after GC invocations=154 (full 68):
 PSYoungGen      total 101376K, used 0K [0x00000000f5580000, 0x00000000fba00000, 0x0000000100000000)
  eden space 99840K, 0% used [0x00000000f5580000,0x00000000f5580000,0x00000000fb700000)
  from space 1536K, 0% used [0x00000000fb880000,0x00000000fb880000,0x00000000fba00000)
  to   space 1536K, 0% used [0x00000000fb700000,0x00000000fb700000,0x00000000fb880000)
 ParOldGen       total 113152K, used 50482K [0x00000000e0000000, 0x00000000e6e80000, 0x00000000f5580000)
  object space 113152K, 44% used [0x00000000e0000000,0x00000000e314ca90,0x00000000e6e80000)
 Metaspace       used 96701K, capacity 104108K, committed 104472K, reserved 1140736K
  class space    used 11375K, capacity 13527K, committed 13608K, reserved 1048576K
}

